<?xml version="1.0" encoding="UTF-8"?>
<testsuite name="AnagramTest" tests="12" skipped="0" failures="0" errors="0" timestamp="2019-03-30T20:18:15" hostname="raleigh-Z170X-UD5" time="0.005">
  <properties/>
  <testcase name="testCaseInsensitiveWhenBothAnagramAndSubjectStartWithUpperCaseLetter" classname="AnagramTest" time="0.003"/>
  <testcase name="testEliminateAnagramSubsets" classname="AnagramTest" time="0.0"/>
  <testcase name="testAnagramMustUseAllLettersExactlyOnce" classname="AnagramTest" time="0.0"/>
  <testcase name="testIdenticalWordRepeatedIsNotAnagram" classname="AnagramTest" time="0.0"/>
  <testcase name="testDetectMultipleAnagramsForLongerWord" classname="AnagramTest" time="0.0"/>
  <testcase name="testDetectMultipleAnagrams" classname="AnagramTest" time="0.0"/>
  <testcase name="testCaseInsensitiveWhenSubjectStartsWithUpperCaseLetter" classname="AnagramTest" time="0.0"/>
  <testcase name="testCapitalWordIsNotOwnAnagram" classname="AnagramTest" time="0.0"/>
  <testcase name="testCaseInsensitiveWhenAnagramStartsWithUpperCaseLetter" classname="AnagramTest" time="0.0"/>
  <testcase name="testDetectLongerAnagram" classname="AnagramTest" time="0.0"/>
  <testcase name="testNoMatches" classname="AnagramTest" time="0.0"/>
  <testcase name="testEliminateAnagramsWithSameChecksum" classname="AnagramTest" time="0.0"/>
  <system-out><![CDATA[]]></system-out>
  <system-err><![CDATA[]]></system-err>
</testsuite>
